{"level":"info","message":"POST /api/user/login 200 164 - 98.541 ms","timestamp":"2026-03-26T06:58:59.850Z"}
{"level":"info","message":"POST /api/user/login 200 164 - 87.359 ms","timestamp":"2026-03-26T06:59:01.470Z"}
{"level":"info","message":"POST /api/user/login 200 164 - 95.222 ms","timestamp":"2026-03-26T06:59:02.799Z"}
{"level":"info","message":"POST /api/user/login 200 164 - 96.099 ms","timestamp":"2026-03-26T06:59:04.044Z"}
{"level":"info","message":"POST /api/user/login 200 164 - 93.221 ms","timestamp":"2026-03-26T06:59:05.118Z"}
{"level":"info","message":"POST /api/user/login 200 164 - 85.390 ms","timestamp":"2026-03-26T06:59:06.763Z"}
{"level":"info","message":"POST /api/user/login 200 164 - 84.757 ms","timestamp":"2026-03-26T06:59:08.485Z"}
{"level":"info","message":"POST /api/user/login 200 164 - 86.430 ms","timestamp":"2026-03-26T06:59:09.157Z"}
{"level":"info","message":"POST /api/user/login 200 164 - 90.930 ms","timestamp":"2026-03-26T06:59:09.728Z"}
{"level":"info","message":"POST /api/user/login 200 164 - 101.174 ms","timestamp":"2026-03-26T06:59:10.176Z"}
{"level":"info","message":"POST /api/user/login 200 164 - 86.527 ms","timestamp":"2026-03-26T06:59:10.565Z"}
{"level":"info","message":"POST /api/user/login 200 164 - 106.546 ms","timestamp":"2026-03-26T07:01:28.757Z"}
{"level":"info","message":"POST /api/user/login 200 164 - 101.915 ms","timestamp":"2026-03-26T07:01:30.238Z"}
{"level":"info","message":"POST /api/user/login 200 164 - 97.879 ms","timestamp":"2026-03-26T07:01:31.191Z"}
{"level":"info","message":"POST /api/user/login 200 164 - 90.261 ms","timestamp":"2026-03-26T07:01:31.930Z"}
{"level":"info","message":"POST /api/user/login 200 164 - 92.619 ms","timestamp":"2026-03-26T07:01:32.649Z"}
{"level":"info","message":"POST /api/user/login 200 164 - 91.891 ms","timestamp":"2026-03-26T07:01:33.316Z"}
{"level":"info","message":"POST /api/user/login 200 164 - 86.895 ms","timestamp":"2026-03-26T07:01:34.095Z"}
{"level":"info","message":"POST /api/user/login 200 164 - 87.393 ms","timestamp":"2026-03-26T07:01:34.734Z"}
{"level":"info","message":"POST /api/user/login 200 164 - 87.739 ms","timestamp":"2026-03-26T07:01:35.363Z"}
{"level":"info","message":"POST /api/user/login 400 60 - 108.869 ms","timestamp":"2026-03-26T07:04:08.501Z"}
{"level":"info","message":"POST /api/user/login 400 60 - 91.127 ms","timestamp":"2026-03-26T07:04:10.353Z"}
{"level":"info","message":"POST /api/user/login 400 60 - 92.249 ms","timestamp":"2026-03-26T07:04:11.412Z"}
{"level":"info","message":"POST /api/user/login 400 60 - 87.606 ms","timestamp":"2026-03-26T07:04:12.128Z"}
{"level":"info","message":"POST /api/user/login 400 60 - 87.797 ms","timestamp":"2026-03-26T07:04:12.887Z"}
{"level":"info","message":"POST /api/user/login 429 34 - 0.396 ms","timestamp":"2026-03-26T07:04:14.229Z"}
{"level":"info","message":"GET /api/companies/ 304 - - 39.898 ms","timestamp":"2026-03-26T07:04:24.551Z"}
{"level":"info","message":"GET /api/companies/ 304 - - 54.267 ms","timestamp":"2026-03-26T07:04:24.607Z"}
{"level":"info","message":"GET /api/employer/jobs 304 - - 87.895 ms","timestamp":"2026-03-26T07:04:28.879Z"}
{"level":"info","message":"GET /api/employer/jobs 304 - - 73.240 ms","timestamp":"2026-03-26T07:04:28.955Z"}
{"level":"info","message":"GET /api/jobs/applicants 401 43 - 2.813 ms","timestamp":"2026-03-26T07:04:30.227Z"}
{"level":"info","message":"GET /api/jobs/applicants 401 43 - 0.727 ms","timestamp":"2026-03-26T07:04:30.228Z"}
{"level":"info","message":"POST /api/user/refreshToken 200 74 - 1.873 ms","timestamp":"2026-03-26T07:04:30.233Z"}
{"level":"info","message":"POST /api/user/refreshToken 200 74 - 1.344 ms","timestamp":"2026-03-26T07:04:30.236Z"}
{"level":"info","message":"GET /api/jobs/applicants 304 - - 151.266 ms","timestamp":"2026-03-26T07:04:30.389Z"}
{"level":"info","message":"GET /api/jobs/applicants 304 - - 125.120 ms","timestamp":"2026-03-26T07:04:30.516Z"}
{"level":"info","message":"GET /api/profile/69b39d918a031178e9ce4e5f 304 - - 92.388 ms","timestamp":"2026-03-26T07:04:32.007Z"}
{"level":"info","message":"GET /api/profile/69b39d918a031178e9ce4e5f 304 - - 86.940 ms","timestamp":"2026-03-26T07:04:32.096Z"}
{"level":"info","message":"GET /api/profile/69b39d918a031178e9ce4e5f 304 - - 88.243 ms","timestamp":"2026-03-26T07:04:32.186Z"}
{"level":"info","message":"GET /api/profile/69b39d918a031178e9ce4e5f 304 - - 82.736 ms","timestamp":"2026-03-26T07:04:32.270Z"}
{"level":"info","message":"GET /api/profile/69b39d918a031178e9ce4e5f 304 - - 87.931 ms","timestamp":"2026-03-26T07:04:32.360Z"}
{"level":"info","message":"GET /api/profile/69b39d918a031178e9ce4e5f 304 - - 71.821 ms","timestamp":"2026-03-26T07:04:32.435Z"}
{"level":"info","message":"GET /api/jobs/applicants 304 - - 123.938 ms","timestamp":"2026-03-26T07:04:33.764Z"}
{"level":"info","message":"GET /api/jobs/applicants 304 - - 114.399 ms","timestamp":"2026-03-26T07:04:33.879Z"}
{"level":"info","message":"POST /api/user/login 429 34 - 0.372 ms","timestamp":"2026-03-26T07:04:41.162Z"}
{"level":"info","message":"POST /api/user/login 429 34 - 0.214 ms","timestamp":"2026-03-26T07:04:51.558Z"}
{"level":"info","message":"POST /api/user/login 200 164 - 98.163 ms","timestamp":"2026-03-26T07:07:34.438Z"}
{"level":"info","message":"POST /api/user/login 400 60 - 87.425 ms","timestamp":"2026-03-26T07:07:39.597Z"}
{"level":"info","message":"POST /api/user/login 400 60 - 88.582 ms","timestamp":"2026-03-26T07:07:40.682Z"}
{"level":"info","message":"POST /api/user/login 400 60 - 86.340 ms","timestamp":"2026-03-26T07:07:41.575Z"}
{"level":"info","message":"POST /api/user/login 400 60 - 87.726 ms","timestamp":"2026-03-26T07:07:42.506Z"}
{"level":"info","message":"POST /api/user/login 400 60 - 97.641 ms","timestamp":"2026-03-26T07:07:45.836Z"}
{"level":"info","message":"POST /api/user/login 429 78 - 0.375 ms","timestamp":"2026-03-26T07:07:46.459Z"}
{"level":"info","message":"POST /api/user/login 429 78 - 0.458 ms","timestamp":"2026-03-26T07:08:01.091Z"}
{"level":"info","message":"POST /api/user/login 400 60 - 95.261 ms","timestamp":"2026-03-26T07:09:03.613Z"}
{"level":"info","message":"POST /api/user/login 400 60 - 88.463 ms","timestamp":"2026-03-26T07:09:04.874Z"}
{"level":"info","message":"POST /api/user/login 400 60 - 104.316 ms","timestamp":"2026-03-26T07:09:12.896Z"}
{"level":"info","message":"POST /api/user/login 400 60 - 94.499 ms","timestamp":"2026-03-26T07:09:17.426Z"}
{"level":"info","message":"POST /api/user/login 400 60 - 91.478 ms","timestamp":"2026-03-26T07:09:18.283Z"}
{"level":"info","message":"POST /api/user/login 400 60 - 90.124 ms","timestamp":"2026-03-26T07:09:19.169Z"}
{"level":"info","message":"POST /api/user/login 400 60 - 87.928 ms","timestamp":"2026-03-26T07:09:19.867Z"}
{"level":"info","message":"POST /api/user/login 429 69 - 0.332 ms","timestamp":"2026-03-26T07:09:20.449Z"}
{"level":"info","message":"POST /api/user/login 429 69 - 0.354 ms","timestamp":"2026-03-26T07:09:22.454Z"}
{"level":"info","message":"POST /api/user/login 400 60 - 95.473 ms","timestamp":"2026-03-26T07:09:56.428Z"}
{"level":"info","message":"POST /api/user/login 400 60 - 115.221 ms","timestamp":"2026-03-26T07:09:58.154Z"}
{"level":"info","message":"POST /api/user/login 400 60 - 102.443 ms","timestamp":"2026-03-26T07:09:59.029Z"}
{"level":"info","message":"POST /api/user/login 400 60 - 107.573 ms","timestamp":"2026-03-26T07:09:59.985Z"}
{"level":"info","message":"POST /api/user/login 200 164 - 136.385 ms","timestamp":"2026-03-26T07:10:05.280Z"}
{"level":"info","message":"GET /api/employer/jobs 304 - - 89.588 ms","timestamp":"2026-03-26T07:10:05.427Z"}
{"level":"info","message":"GET /api/employer/jobs 304 - - 86.320 ms","timestamp":"2026-03-26T07:10:05.516Z"}
{"level":"info","message":"POST /api/user/login 400 60 - 98.671 ms","timestamp":"2026-03-26T07:10:17.018Z"}
{"level":"info","message":"POST /api/user/login 429 69 - 0.564 ms","timestamp":"2026-03-26T07:10:17.586Z"}
{"level":"info","message":"POST /api/user/login 429 69 - 0.358 ms","timestamp":"2026-03-26T07:10:19.996Z"}
{"level":"info","message":"POST /api/user/login 429 69 - 0.413 ms","timestamp":"2026-03-26T07:10:20.691Z"}
{"level":"info","message":"POST /api/user/login 429 69 - 0.384 ms","timestamp":"2026-03-26T07:10:21.504Z"}
{"level":"info","message":"POST /api/user/login 429 69 - 0.431 ms","timestamp":"2026-03-26T07:10:22.330Z"}
{"level":"info","message":"POST /api/user/login 429 69 - 0.281 ms","timestamp":"2026-03-26T07:10:22.903Z"}
{"level":"info","message":"POST /api/user/login 429 69 - 0.273 ms","timestamp":"2026-03-26T07:10:23.684Z"}
{"level":"info","message":"POST /api/user/login 429 69 - 0.339 ms","timestamp":"2026-03-26T07:10:24.234Z"}
{"level":"info","message":"POST /api/user/login 429 69 - 0.294 ms","timestamp":"2026-03-26T07:10:24.864Z"}
{"level":"info","message":"POST /api/user/login 429 69 - 0.271 ms","timestamp":"2026-03-26T07:10:31.103Z"}
{"level":"info","message":"POST /api/user/login 429 69 - 0.317 ms","timestamp":"2026-03-26T07:10:33.168Z"}
{"level":"info","message":"POST /api/user/login 429 69 - 0.285 ms","timestamp":"2026-03-26T07:10:33.726Z"}
{"level":"info","message":"POST /api/user/login 429 69 - 0.331 ms","timestamp":"2026-03-26T07:10:34.118Z"}
{"level":"info","message":"POST /api/user/login 429 69 - 0.264 ms","timestamp":"2026-03-26T07:10:34.318Z"}
{"level":"info","message":"POST /api/user/login 200 164 - 453.581 ms","timestamp":"2026-03-26T07:10:49.472Z"}
{"level":"info","message":"GET /api/employer/jobs 304 - - 248.769 ms","timestamp":"2026-03-26T07:10:49.789Z"}
{"level":"info","message":"GET /api/employer/jobs 304 - - 199.832 ms","timestamp":"2026-03-26T07:10:49.990Z"}
{"level":"info","message":"POST /api/user/login 400 60 - 127.202 ms","timestamp":"2026-03-26T07:10:59.877Z"}
{"level":"info","message":"POST /api/user/login 400 60 - 121.524 ms","timestamp":"2026-03-26T07:11:00.372Z"}
{"level":"info","message":"POST /api/user/login 400 60 - 99.108 ms","timestamp":"2026-03-26T07:11:00.529Z"}
{"level":"info","message":"POST /api/user/login 400 60 - 103.922 ms","timestamp":"2026-03-26T07:11:00.707Z"}
{"level":"info","message":"POST /api/user/login 400 60 - 100.335 ms","timestamp":"2026-03-26T07:11:00.878Z"}
{"level":"info","message":"POST /api/user/login 429 50 - 0.528 ms","timestamp":"2026-03-26T07:11:00.945Z"}
{"level":"info","message":"POST /api/user/login 429 50 - 0.382 ms","timestamp":"2026-03-26T07:11:01.118Z"}
{"level":"info","message":"POST /api/user/login 429 50 - 0.406 ms","timestamp":"2026-03-26T07:11:04.784Z"}
{"level":"info","message":"POST /api/user/login 429 50 - 0.393 ms","timestamp":"2026-03-26T07:11:05.184Z"}
{"level":"info","message":"POST /api/user/login 429 50 - 0.337 ms","timestamp":"2026-03-26T07:11:05.328Z"}
{"level":"info","message":"POST /api/user/login 429 50 - 0.316 ms","timestamp":"2026-03-26T07:11:05.513Z"}
{"level":"info","message":"POST /api/user/login 429 50 - 0.307 ms","timestamp":"2026-03-26T07:11:05.684Z"}
{"level":"info","message":"POST /api/user/login 429 50 - 0.303 ms","timestamp":"2026-03-26T07:11:05.868Z"}
{"level":"info","message":"POST /api/user/login 429 50 - 0.310 ms","timestamp":"2026-03-26T07:11:06.044Z"}
{"level":"info","message":"POST /api/user/login 429 50 - 0.354 ms","timestamp":"2026-03-26T07:11:06.217Z"}
{"level":"info","message":"POST /api/user/login 400 60 - 115.905 ms","timestamp":"2026-03-26T07:12:59.119Z"}
{"level":"info","message":"POST /api/user/login 400 60 - 120.964 ms","timestamp":"2026-03-26T07:12:59.288Z"}
{"level":"info","message":"POST /api/user/login 400 60 - 114.421 ms","timestamp":"2026-03-26T07:12:59.459Z"}
{"level":"info","message":"POST /api/user/login 400 60 - 105.520 ms","timestamp":"2026-03-26T07:12:59.622Z"}
{"level":"info","message":"POST /api/user/login 400 60 - 107.216 ms","timestamp":"2026-03-26T07:12:59.795Z"}
{"level":"info","message":"POST /api/user/login 429 48 - 0.457 ms","timestamp":"2026-03-26T07:12:59.861Z"}
{"level":"info","message":"POST /api/user/login 429 49 - 0.513 ms","timestamp":"2026-03-26T07:13:00.034Z"}
{"level":"info","message":"POST /api/user/login 429 49 - 0.345 ms","timestamp":"2026-03-26T07:13:00.210Z"}
{"level":"info","message":"POST /api/user/login 429 49 - 0.456 ms","timestamp":"2026-03-26T07:13:00.389Z"}
{"level":"info","message":"POST /api/user/login 429 49 - 0.777 ms","timestamp":"2026-03-26T07:13:09.947Z"}
{"level":"info","message":"POST /api/user/login 429 49 - 0.290 ms","timestamp":"2026-03-26T07:13:12.015Z"}
{"level":"info","message":"POST /api/user/login 429 49 - 0.379 ms","timestamp":"2026-03-26T07:13:12.906Z"}
{"level":"info","message":"POST /api/user/login 429 49 - 0.297 ms","timestamp":"2026-03-26T07:13:13.557Z"}
{"level":"info","message":"POST /api/user/login 429 49 - 0.272 ms","timestamp":"2026-03-26T07:13:21.829Z"}
{"level":"info","message":"POST /api/user/login 429 49 - 0.268 ms","timestamp":"2026-03-26T07:13:22.594Z"}
{"level":"info","message":"POST /api/user/login 429 49 - 0.336 ms","timestamp":"2026-03-26T07:13:34.123Z"}
{"level":"info","message":"POST /api/user/login 429 49 - 0.255 ms","timestamp":"2026-03-26T07:13:46.310Z"}
{"level":"info","message":"POST /api/user/login 429 48 - 0.248 ms","timestamp":"2026-03-26T07:13:51.578Z"}
{"level":"info","message":"POST /api/user/login 429 48 - 0.257 ms","timestamp":"2026-03-26T07:13:54.852Z"}
{"level":"info","message":"POST /api/user/login 429 48 - 0.271 ms","timestamp":"2026-03-26T07:13:55.566Z"}
{"level":"info","message":"POST /api/user/login 429 48 - 0.347 ms","timestamp":"2026-03-26T07:13:56.166Z"}
{"level":"info","message":"POST /api/user/login 429 48 - 0.286 ms","timestamp":"2026-03-26T07:13:56.739Z"}
{"level":"info","message":"POST /api/user/login 429 48 - 0.307 ms","timestamp":"2026-03-26T07:13:57.306Z"}
{"level":"info","message":"POST /api/user/login 429 48 - 0.277 ms","timestamp":"2026-03-26T07:13:57.915Z"}
{"level":"info","message":"POST /api/user/login 429 48 - 0.293 ms","timestamp":"2026-03-26T07:13:58.451Z"}
{"level":"info","message":"POST /api/user/login 400 60 - 103.055 ms","timestamp":"2026-03-26T07:13:59.107Z"}
{"level":"info","message":"POST /api/user/login 400 60 - 135.316 ms","timestamp":"2026-03-26T07:14:02.724Z"}
{"level":"info","message":"POST /api/user/login 400 60 - 106.048 ms","timestamp":"2026-03-26T07:14:05.406Z"}
{"level":"info","message":"POST /api/user/login 400 60 - 99.492 ms","timestamp":"2026-03-26T07:14:06.061Z"}
{"level":"info","message":"POST /api/user/login 400 60 - 97.320 ms","timestamp":"2026-03-26T07:14:06.557Z"}
{"level":"info","message":"POST /api/user/login 429 49 - 0.267 ms","timestamp":"2026-03-26T07:14:06.950Z"}
{"level":"info","message":"POST /api/user/login 429 49 - 0.295 ms","timestamp":"2026-03-26T07:14:07.375Z"}
{"level":"info","message":"POST /api/user/login 200 171 - 130.703 ms","timestamp":"2026-03-26T07:14:28.052Z"}
{"level":"info","message":"GET /api/employer/jobs 304 - - 82.783 ms","timestamp":"2026-03-26T07:14:28.202Z"}
{"level":"info","message":"GET /api/employer/jobs 304 - - 85.659 ms","timestamp":"2026-03-26T07:14:28.290Z"}
{"level":"info","message":"GET /api/employer/jobs 304 - - 77.380 ms","timestamp":"2026-03-26T07:14:30.105Z"}
{"level":"info","message":"GET /api/employer/jobs 304 - - 73.638 ms","timestamp":"2026-03-26T07:14:30.181Z"}
{"level":"info","message":"GET /api/employer/jobs 304 - - 71.114 ms","timestamp":"2026-03-26T07:14:33.824Z"}
{"level":"info","message":"GET /api/employer/jobs - - - - ms","timestamp":"2026-03-26T07:14:33.852Z"}
{"level":"info","message":"GET /api/employer/jobs 200 4441 - 100.690 ms","timestamp":"2026-03-26T07:14:34.409Z"}
{"level":"info","message":"GET /api/employer/jobs 304 - - 83.418 ms","timestamp":"2026-03-26T07:14:34.494Z"}
{"level":"info","message":"GET /api/employer/jobs 304 - - 75.804 ms","timestamp":"2026-03-26T07:14:35.460Z"}
{"level":"info","message":"GET /api/employer/jobs - - - - ms","timestamp":"2026-03-26T07:14:35.524Z"}
{"level":"info","message":"GET /api/employer/jobs 200 4441 - 128.096 ms","timestamp":"2026-03-26T07:14:36.090Z"}
{"level":"info","message":"GET /api/employer/jobs - - - - ms","timestamp":"2026-03-26T07:14:36.128Z"}
{"level":"info","message":"GET /api/employer/jobs 200 4441 - 88.914 ms","timestamp":"2026-03-26T07:14:36.630Z"}
{"level":"info","message":"GET /api/employer/jobs - - - - ms","timestamp":"2026-03-26T07:14:36.685Z"}
{"level":"info","message":"GET /api/employer/jobs 200 4441 - 81.700 ms","timestamp":"2026-03-26T07:14:37.190Z"}
{"level":"info","message":"GET /api/employer/jobs - - - - ms","timestamp":"2026-03-26T07:14:37.246Z"}
{"level":"info","message":"GET /api/employer/jobs 200 4441 - 67.287 ms","timestamp":"2026-03-26T07:14:37.741Z"}
{"level":"info","message":"GET /api/employer/jobs 304 - - 69.196 ms","timestamp":"2026-03-26T07:14:37.812Z"}
{"level":"info","message":"GET /api/employer/jobs - - - - ms","timestamp":"2026-03-26T07:14:38.407Z"}
{"level":"info","message":"GET /api/employer/jobs - - - - ms","timestamp":"2026-03-26T07:14:38.409Z"}
{"level":"info","message":"GET /api/employer/jobs 200 4441 - 92.408 ms","timestamp":"2026-03-26T07:14:38.902Z"}
{"level":"info","message":"GET /api/employer/jobs 304 - - 98.363 ms","timestamp":"2026-03-26T07:14:39.002Z"}
{"level":"info","message":"GET /api/employer/jobs 304 - - 83.933 ms","timestamp":"2026-03-26T07:14:39.541Z"}
{"level":"info","message":"GET /api/employer/jobs 304 - - 106.104 ms","timestamp":"2026-03-26T07:14:39.649Z"}
{"level":"info","message":"GET /api/employer/jobs 304 - - 100.693 ms","timestamp":"2026-03-26T07:14:40.171Z"}
{"level":"info","message":"GET /api/employer/jobs - - - - ms","timestamp":"2026-03-26T07:14:40.242Z"}
{"level":"info","message":"GET /api/employer/jobs 200 4441 - 99.144 ms","timestamp":"2026-03-26T07:14:40.750Z"}
{"level":"info","message":"GET /api/employer/jobs 304 - - 92.651 ms","timestamp":"2026-03-26T07:14:40.845Z"}
{"level":"info","message":"GET /api/employer/jobs 304 - - 104.542 ms","timestamp":"2026-03-26T07:14:41.398Z"}
{"level":"info","message":"GET /api/employer/jobs 304 - - 95.375 ms","timestamp":"2026-03-26T07:14:41.496Z"}
{"level":"info","message":"GET /api/employer/jobs 304 - - 82.678 ms","timestamp":"2026-03-26T07:14:41.999Z"}
{"level":"info","message":"GET /api/employer/jobs 304 - - 87.988 ms","timestamp":"2026-03-26T07:14:42.089Z"}
{"level":"info","message":"GET /api/employer/jobs 304 - - 99.758 ms","timestamp":"2026-03-26T07:14:42.661Z"}
{"level":"info","message":"GET /api/employer/jobs 304 - - 88.265 ms","timestamp":"2026-03-26T07:14:42.751Z"}
{"level":"info","message":"GET /api/employer/jobs - - - - ms","timestamp":"2026-03-26T07:14:46.533Z"}
{"level":"info","message":"GET /api/employer/jobs 200 4441 - 80.295 ms","timestamp":"2026-03-26T07:14:47.063Z"}
{"level":"info","message":"GET /api/employer/jobs 304 - - 131.906 ms","timestamp":"2026-03-26T07:14:47.197Z"}
{"level":"info","message":"GET /api/employer/jobs 304 - - 210.269 ms","timestamp":"2026-03-26T07:14:49.174Z"}
{"level":"info","message":"GET /api/employer/jobs 304 - - 72.991 ms","timestamp":"2026-03-26T07:14:49.248Z"}
{"level":"info","message":"GET /api/employer/jobs - - - - ms","timestamp":"2026-03-26T07:14:50.399Z"}
{"level":"info","message":"GET /api/employer/jobs - - - - ms","timestamp":"2026-03-26T07:14:50.401Z"}
{"level":"info","message":"GET /api/employer/jobs 200 4441 - 86.837 ms","timestamp":"2026-03-26T07:14:51.028Z"}
{"level":"info","message":"GET /api/employer/jobs 304 - - 91.489 ms","timestamp":"2026-03-26T07:14:51.121Z"}
{"level":"info","message":"GET /api/employer/jobs 304 - - 90.908 ms","timestamp":"2026-03-26T07:14:53.219Z"}
{"level":"info","message":"GET /api/employer/jobs 304 - - 79.007 ms","timestamp":"2026-03-26T07:14:53.300Z"}
{"level":"info","message":"GET /api/employer/jobs 304 - - 89.292 ms","timestamp":"2026-03-26T07:14:53.945Z"}
{"level":"info","message":"GET /api/employer/jobs 304 - - 70.045 ms","timestamp":"2026-03-26T07:14:54.017Z"}
{"level":"info","message":"GET /api/employer/jobs 304 - - 66.305 ms","timestamp":"2026-03-26T07:14:56.044Z"}
{"level":"info","message":"GET /api/employer/jobs 304 - - 116.209 ms","timestamp":"2026-03-26T07:14:56.162Z"}
{"level":"info","message":"GET /api/employer/jobs 304 - - 99.647 ms","timestamp":"2026-03-26T07:14:56.926Z"}
{"level":"info","message":"GET /api/employer/jobs 304 - - 95.007 ms","timestamp":"2026-03-26T07:14:57.023Z"}
{"level":"info","message":"GET /api/employer/jobs 304 - - 86.780 ms","timestamp":"2026-03-26T07:14:59.094Z"}
{"level":"info","message":"GET /api/employer/jobs 304 - - 93.843 ms","timestamp":"2026-03-26T07:14:59.189Z"}
{"level":"info","message":"GET /api/employer/jobs 304 - - 65.798 ms","timestamp":"2026-03-26T07:15:00.080Z"}
{"level":"info","message":"GET /api/employer/jobs 304 - - 84.237 ms","timestamp":"2026-03-26T07:15:00.166Z"}
{"level":"info","message":"GET /api/employer/jobs 304 - - 84.010 ms","timestamp":"2026-03-26T07:15:00.980Z"}
{"level":"info","message":"GET /api/employer/jobs 304 - - 68.568 ms","timestamp":"2026-03-26T07:15:01.050Z"}
{"level":"info","message":"GET /api/employer/jobs 304 - - 68.599 ms","timestamp":"2026-03-26T07:15:01.899Z"}
{"level":"info","message":"GET /api/employer/jobs 304 - - 83.959 ms","timestamp":"2026-03-26T07:15:01.984Z"}
{"level":"info","message":"GET /api/employer/jobs 304 - - 75.931 ms","timestamp":"2026-03-26T07:15:02.962Z"}
{"level":"info","message":"GET /api/employer/jobs 304 - - 69.763 ms","timestamp":"2026-03-26T07:15:03.034Z"}
{"level":"info","message":"GET /api/employer/jobs 304 - - 73.741 ms","timestamp":"2026-03-26T07:15:05.132Z"}
{"level":"info","message":"GET /api/employer/jobs 304 - - 81.643 ms","timestamp":"2026-03-26T07:15:05.216Z"}
{"level":"info","message":"GET /api/employer/jobs 304 - - 84.073 ms","timestamp":"2026-03-26T07:15:06.023Z"}
{"level":"info","message":"GET /api/employer/jobs 304 - - 85.279 ms","timestamp":"2026-03-26T07:15:06.110Z"}
{"level":"info","message":"GET /api/employer/jobs 304 - - 78.239 ms","timestamp":"2026-03-26T07:15:06.849Z"}
{"level":"info","message":"GET /api/employer/jobs 304 - - 76.660 ms","timestamp":"2026-03-26T07:15:06.928Z"}
{"level":"info","message":"GET /api/employer/jobs 304 - - 75.748 ms","timestamp":"2026-03-26T07:15:07.786Z"}
{"level":"info","message":"GET /api/employer/jobs 304 - - 72.198 ms","timestamp":"2026-03-26T07:15:07.860Z"}
{"level":"info","message":"GET /api/employer/jobs 304 - - 67.767 ms","timestamp":"2026-03-26T07:15:08.719Z"}
{"level":"info","message":"GET /api/employer/jobs 304 - - 71.875 ms","timestamp":"2026-03-26T07:15:08.793Z"}
{"level":"info","message":"GET /api/employer/jobs 304 - - 83.096 ms","timestamp":"2026-03-26T07:15:10.618Z"}
{"level":"info","message":"GET /api/employer/jobs 304 - - 72.462 ms","timestamp":"2026-03-26T07:15:10.692Z"}
{"level":"info","message":"GET /api/employer/jobs 304 - - 76.669 ms","timestamp":"2026-03-26T07:15:12.798Z"}
{"level":"info","message":"GET /api/employer/jobs 304 - - 80.407 ms","timestamp":"2026-03-26T07:15:12.881Z"}
{"level":"info","message":"GET /api/employer/jobs 304 - - 82.118 ms","timestamp":"2026-03-26T07:15:13.706Z"}
{"level":"info","message":"GET /api/employer/jobs 304 - - 68.432 ms","timestamp":"2026-03-26T07:15:13.776Z"}
{"level":"info","message":"GET /api/employer/jobs 304 - - 76.917 ms","timestamp":"2026-03-26T07:15:14.482Z"}
{"level":"info","message":"GET /api/employer/jobs 304 - - 80.628 ms","timestamp":"2026-03-26T07:15:14.565Z"}
{"level":"info","message":"GET /api/employer/jobs 304 - - 63.757 ms","timestamp":"2026-03-26T07:15:16.669Z"}
{"level":"info","message":"GET /api/employer/jobs 304 - - 93.910 ms","timestamp":"2026-03-26T07:15:16.765Z"}
{"level":"info","message":"GET /api/employer/jobs 304 - - 148.460 ms","timestamp":"2026-03-26T07:15:17.617Z"}
{"level":"info","message":"GET /api/employer/jobs 304 - - 92.890 ms","timestamp":"2026-03-26T07:15:17.712Z"}
{"level":"info","message":"GET /api/employer/jobs 304 - - 68.322 ms","timestamp":"2026-03-26T07:15:18.407Z"}
{"level":"info","message":"GET /api/employer/jobs 304 - - 106.472 ms","timestamp":"2026-03-26T07:15:18.515Z"}
{"level":"info","message":"GET /api/employer/jobs 304 - - 92.773 ms","timestamp":"2026-03-26T07:15:20.560Z"}
{"level":"info","message":"GET /api/employer/jobs 304 - - 82.006 ms","timestamp":"2026-03-26T07:15:20.644Z"}
{"level":"info","message":"GET /api/employer/jobs 304 - - 89.953 ms","timestamp":"2026-03-26T07:15:21.713Z"}
{"level":"info","message":"GET /api/employer/jobs 304 - - 91.655 ms","timestamp":"2026-03-26T07:15:21.807Z"}
{"level":"info","message":"GET /api/employer/jobs 304 - - 77.325 ms","timestamp":"2026-03-26T07:15:22.980Z"}
{"level":"info","message":"GET /api/employer/jobs 304 - - 78.386 ms","timestamp":"2026-03-26T07:15:23.060Z"}
{"level":"info","message":"GET /api/employer/jobs 304 - - 73.125 ms","timestamp":"2026-03-26T07:15:24.048Z"}
{"level":"info","message":"GET /api/employer/jobs 304 - - 90.163 ms","timestamp":"2026-03-26T07:15:24.139Z"}
{"level":"info","message":"GET /api/employer/jobs 304 - - 82.570 ms","timestamp":"2026-03-26T07:15:24.917Z"}
{"level":"info","message":"GET /api/employer/jobs 304 - - 82.781 ms","timestamp":"2026-03-26T07:15:25.002Z"}
{"level":"info","message":"GET /api/employer/jobs 304 - - 70.141 ms","timestamp":"2026-03-26T07:15:25.875Z"}
{"level":"info","message":"GET /api/employer/jobs 304 - - 86.961 ms","timestamp":"2026-03-26T07:15:25.964Z"}
{"level":"info","message":"GET /api/employer/jobs 304 - - 82.011 ms","timestamp":"2026-03-26T07:15:28.009Z"}
{"level":"info","message":"GET /api/employer/jobs 304 - - 81.427 ms","timestamp":"2026-03-26T07:15:28.093Z"}
{"level":"info","message":"POST /api/jobs/69ba847864999c6794d17191/apply/ 200 218 - 154.576 ms","timestamp":"2026-03-26T07:18:49.602Z"}
{"level":"info","message":"POST /api/jobs/69ba847864999c6794d17191/apply/ 400 57 - 64.220 ms","timestamp":"2026-03-26T07:18:50.075Z"}
{"level":"info","message":"POST /api/jobs/69ba847864999c6794d17191/apply/ 400 57 - 64.426 ms","timestamp":"2026-03-26T07:18:50.955Z"}
{"level":"info","message":"POST /api/jobs/69ba847864999c6794d17191/apply/ 400 57 - 66.838 ms","timestamp":"2026-03-26T07:18:51.360Z"}
{"level":"info","message":"POST /api/jobs/69ba847864999c6794d17191/apply/ 400 57 - 66.011 ms","timestamp":"2026-03-26T07:18:51.542Z"}
{"level":"info","message":"POST /api/jobs/69ba847864999c6794d17191/apply/ 400 57 - 62.724 ms","timestamp":"2026-03-26T07:18:51.737Z"}
{"level":"info","message":"POST /api/jobs/69ba847864999c6794d17191/apply/ 400 57 - 69.524 ms","timestamp":"2026-03-26T07:18:52.184Z"}
{"level":"info","message":"POST /api/jobs/69ba847864999c6794d17191/apply/ 400 57 - 78.589 ms","timestamp":"2026-03-26T07:18:52.386Z"}
{"level":"info","message":"POST /api/jobs/69ba847864999c6794d17191/apply/ 400 57 - 78.112 ms","timestamp":"2026-03-26T07:18:52.592Z"}
{"level":"info","message":"POST /api/jobs/69ba847864999c6794d17191/apply/ 400 57 - 90.031 ms","timestamp":"2026-03-26T07:18:52.788Z"}
{"level":"info","message":"POST /api/jobs/69ba847864999c6794d17191/apply/ 400 57 - 65.904 ms","timestamp":"2026-03-26T07:18:52.972Z"}
{"level":"info","message":"POST /api/jobs/69ba847864999c6794d17191/apply/ 400 57 - 75.118 ms","timestamp":"2026-03-26T07:18:53.201Z"}
{"level":"info","message":"POST /api/jobs/69ba847864999c6794d17191/apply/ 400 57 - 84.176 ms","timestamp":"2026-03-26T07:18:53.390Z"}
{"level":"info","message":"POST /api/jobs/69ba847864999c6794d17191/apply/ 400 57 - 68.478 ms","timestamp":"2026-03-26T07:18:53.561Z"}
{"level":"info","message":"POST /api/jobs/69ba847864999c6794d17191/apply/ 400 57 - 62.647 ms","timestamp":"2026-03-26T07:18:53.755Z"}
{"level":"info","message":"POST /api/jobs/69ba847864999c6794d17191/apply/ 400 57 - 80.164 ms","timestamp":"2026-03-26T07:18:53.956Z"}
{"level":"info","message":"POST /api/jobs/69ba847864999c6794d17191/apply/ 400 57 - 71.948 ms","timestamp":"2026-03-26T07:18:54.140Z"}
{"level":"info","message":"POST /api/jobs/69ba847864999c6794d17191/apply/ 400 57 - 72.654 ms","timestamp":"2026-03-26T07:18:54.332Z"}
{"level":"info","message":"POST /api/jobs/69ba847864999c6794d17191/apply/ 400 57 - 64.153 ms","timestamp":"2026-03-26T07:18:54.517Z"}
{"level":"info","message":"POST /api/jobs/69ba847864999c6794d17191/apply/ 400 57 - 73.377 ms","timestamp":"2026-03-26T07:18:54.709Z"}
{"level":"info","message":"POST /api/jobs/69ba847864999c6794d17191/apply/ 400 57 - 72.568 ms","timestamp":"2026-03-26T07:18:54.915Z"}
{"level":"info","message":"POST /api/jobs/69ba847864999c6794d17191/apply/ 400 57 - 78.814 ms","timestamp":"2026-03-26T07:18:55.114Z"}
{"level":"info","message":"POST /api/jobs/69ba847864999c6794d17191/apply/ 400 57 - 62.742 ms","timestamp":"2026-03-26T07:18:55.290Z"}
{"level":"info","message":"POST /api/jobs/69ba847864999c6794d17191/apply/ 400 57 - 71.711 ms","timestamp":"2026-03-26T07:18:55.490Z"}
{"level":"info","message":"POST /api/jobs/69ba847864999c6794d17191/apply/ 400 57 - 71.236 ms","timestamp":"2026-03-26T07:18:55.666Z"}
{"level":"info","message":"POST /api/jobs/69ba847864999c6794d17191/apply/ 400 57 - 67.691 ms","timestamp":"2026-03-26T07:18:55.871Z"}
{"level":"info","message":"POST /api/jobs/69ba847864999c6794d17191/apply/ 400 57 - 65.877 ms","timestamp":"2026-03-26T07:18:56.045Z"}
{"level":"info","message":"POST /api/jobs/69ba847864999c6794d17191/apply/ 400 57 - 77.999 ms","timestamp":"2026-03-26T07:18:56.257Z"}
{"level":"info","message":"POST /api/jobs/69ba847864999c6794d17191/apply/ 400 57 - 64.993 ms","timestamp":"2026-03-26T07:18:56.460Z"}
{"level":"info","message":"POST /api/jobs/69ba847864999c6794d17191/apply/ 400 57 - 69.491 ms","timestamp":"2026-03-26T07:18:56.632Z"}
{"level":"info","message":"POST /api/jobs/69ba847864999c6794d17191/apply/ 400 57 - 70.187 ms","timestamp":"2026-03-26T07:18:56.841Z"}
{"level":"info","message":"POST /api/jobs/69ba847864999c6794d17191/apply/ 400 57 - 65.836 ms","timestamp":"2026-03-26T07:18:57.021Z"}
{"level":"info","message":"POST /api/jobs/69ba847864999c6794d17191/apply/ 400 57 - 66.200 ms","timestamp":"2026-03-26T07:18:57.221Z"}
{"level":"info","message":"POST /api/jobs/69ba847864999c6794d17191/apply/ 400 57 - 64.209 ms","timestamp":"2026-03-26T07:18:57.419Z"}
{"level":"info","message":"POST /api/jobs/69ba847864999c6794d17191/apply/ 400 57 - 71.464 ms","timestamp":"2026-03-26T07:18:57.626Z"}
{"level":"info","message":"POST /api/jobs/69ba847864999c6794d17191/apply/ 400 57 - 72.342 ms","timestamp":"2026-03-26T07:18:57.827Z"}
{"level":"info","message":"POST /api/jobs/69ba847864999c6794d17191/apply/ 400 57 - 64.561 ms","timestamp":"2026-03-26T07:18:58.035Z"}
{"level":"info","message":"POST /api/jobs/69ba847864999c6794d17191/apply/ 400 57 - 63.810 ms","timestamp":"2026-03-26T07:18:58.226Z"}
{"level":"info","message":"POST /api/jobs/69ba847864999c6794d17191/apply/ 400 57 - 90.241 ms","timestamp":"2026-03-26T07:18:58.469Z"}
{"level":"info","message":"POST /api/jobs/69ba847864999c6794d17191/apply/ 400 57 - 64.257 ms","timestamp":"2026-03-26T07:18:58.650Z"}
{"level":"info","message":"POST /api/jobs/69ba847864999c6794d17191/apply/ 400 57 - 65.158 ms","timestamp":"2026-03-26T07:18:58.860Z"}
{"level":"info","message":"POST /api/jobs/69ba847864999c6794d17191/apply/ 400 57 - 65.101 ms","timestamp":"2026-03-26T07:18:59.051Z"}
{"level":"info","message":"POST /api/jobs/69ba847864999c6794d17191/apply/ 400 57 - 63.733 ms","timestamp":"2026-03-26T07:18:59.251Z"}
{"level":"info","message":"POST /api/jobs/69ba847864999c6794d17191/apply/ 400 57 - 76.422 ms","timestamp":"2026-03-26T07:18:59.464Z"}
{"level":"info","message":"POST /api/jobs/69ba847864999c6794d17191/apply/ 400 57 - 67.075 ms","timestamp":"2026-03-26T07:18:59.655Z"}
{"level":"info","message":"POST /api/jobs/69ba847864999c6794d17191/apply/ 400 57 - 63.610 ms","timestamp":"2026-03-26T07:18:59.850Z"}
{"level":"info","message":"POST /api/jobs/69ba847864999c6794d17191/apply/ 400 57 - 64.030 ms","timestamp":"2026-03-26T07:19:00.058Z"}
{"level":"info","message":"POST /api/jobs/69ba847864999c6794d17191/apply/ 400 57 - 74.375 ms","timestamp":"2026-03-26T07:19:00.293Z"}
{"level":"info","message":"POST /api/jobs/69ba847864999c6794d17191/apply/ 400 57 - 65.889 ms","timestamp":"2026-03-26T07:19:00.477Z"}
{"level":"info","message":"POST /api/jobs/69ba847864999c6794d17191/apply/ 400 57 - 66.787 ms","timestamp":"2026-03-26T07:19:00.677Z"}
{"level":"info","message":"POST /api/jobs/69ba847864999c6794d17191/apply/ 429 42 - 0.771 ms","timestamp":"2026-03-26T07:19:00.835Z"}
{"level":"info","message":"POST /api/jobs/69ba847864999c6794d17191/apply/ 429 42 - 0.453 ms","timestamp":"2026-03-26T07:19:01.027Z"}
{"level":"info","message":"POST /api/jobs/69ba847864999c6794d17191/apply/ 429 42 - 0.337 ms","timestamp":"2026-03-26T07:19:01.252Z"}
{"level":"info","message":"POST /api/jobs/69ba826464999c6794d17166/apply/ 400 57 - 107.304 ms","timestamp":"2026-03-26T07:19:42.916Z"}
{"level":"info","message":"POST /api/jobs/69ba826464999c6794d17166/apply/ 400 57 - 121.956 ms","timestamp":"2026-03-26T07:19:44.236Z"}
{"level":"info","message":"POST /api/jobs/69ba826464999c6794d17166/apply/ 400 57 - 119.600 ms","timestamp":"2026-03-26T07:19:45.379Z"}
{"level":"info","message":"POST /api/jobs/69ba826464999c6794d17166/apply/ 400 57 - 77.696 ms","timestamp":"2026-03-26T07:19:45.529Z"}
{"level":"info","message":"POST /api/jobs/69ba826464999c6794d17166/apply/ 400 57 - 84.244 ms","timestamp":"2026-03-26T07:19:45.728Z"}
{"level":"info","message":"POST /api/jobs/69ba826464999c6794d17166/apply/ 400 57 - 79.257 ms","timestamp":"2026-03-26T07:19:45.909Z"}
{"level":"info","message":"POST /api/jobs/69ba826464999c6794d17166/apply/ 400 57 - 107.818 ms","timestamp":"2026-03-26T07:19:46.128Z"}
{"level":"info","message":"POST /api/jobs/69ba83d764999c6794d17181/apply/ 400 57 - 88.713 ms","timestamp":"2026-03-26T07:19:48.652Z"}
{"level":"info","message":"POST /api/jobs/69ba83d764999c6794d17181/apply/ 400 57 - 94.377 ms","timestamp":"2026-03-26T07:19:48.840Z"}
{"level":"info","message":"POST /api/jobs/69ba83d764999c6794d17181/apply/ 400 57 - 82.945 ms","timestamp":"2026-03-26T07:19:49.029Z"}
{"level":"info","message":"POST /api/jobs/69ba83d764999c6794d17181/apply/ 400 57 - 86.549 ms","timestamp":"2026-03-26T07:19:49.224Z"}
{"level":"info","message":"POST /api/jobs/69ba83d764999c6794d17181/apply/ 400 57 - 75.664 ms","timestamp":"2026-03-26T07:19:49.398Z"}
{"level":"info","message":"POST /api/jobs/69ba83d764999c6794d17181/apply/ 400 57 - 78.866 ms","timestamp":"2026-03-26T07:19:49.592Z"}
{"level":"info","message":"POST /api/jobs/69ba83d764999c6794d17181/apply/ 400 57 - 96.731 ms","timestamp":"2026-03-26T07:19:49.787Z"}
{"level":"info","message":"POST /api/jobs/69ba83d764999c6794d17181/apply/ 400 57 - 68.873 ms","timestamp":"2026-03-26T07:19:49.967Z"}
{"level":"info","message":"POST /api/jobs/69ba83d764999c6794d17181/apply/ 400 57 - 71.319 ms","timestamp":"2026-03-26T07:19:50.178Z"}
{"level":"info","message":"POST /api/jobs/69ba83d764999c6794d17181/apply/ 400 57 - 86.834 ms","timestamp":"2026-03-26T07:19:50.361Z"}
{"level":"info","message":"POST /api/jobs/69ba83d764999c6794d17181/apply/ 400 57 - 87.152 ms","timestamp":"2026-03-26T07:19:50.556Z"}
{"level":"info","message":"POST /api/jobs/69ba83d764999c6794d17181/apply/ 400 57 - 77.984 ms","timestamp":"2026-03-26T07:19:50.738Z"}
{"level":"info","message":"POST /api/jobs/69ba83d764999c6794d17181/apply/ 400 57 - 72.085 ms","timestamp":"2026-03-26T07:19:50.923Z"}
{"level":"info","message":"POST /api/jobs/69ba83d764999c6794d17181/apply/ 400 57 - 67.648 ms","timestamp":"2026-03-26T07:19:51.120Z"}
{"level":"info","message":"POST /api/jobs/69ba83d764999c6794d17181/apply/ 400 57 - 86.655 ms","timestamp":"2026-03-26T07:19:51.313Z"}
{"level":"info","message":"POST /api/jobs/69ba83d764999c6794d17181/apply/ 400 57 - 86.423 ms","timestamp":"2026-03-26T07:19:51.513Z"}
{"level":"info","message":"POST /api/jobs/69ba83d764999c6794d17181/apply/ 400 57 - 91.524 ms","timestamp":"2026-03-26T07:19:51.710Z"}
{"level":"info","message":"POST /api/jobs/69ba83d764999c6794d17181/apply/ 400 57 - 82.004 ms","timestamp":"2026-03-26T07:19:51.884Z"}
{"level":"info","message":"POST /api/jobs/69ba83d764999c6794d17181/apply/ 400 57 - 82.033 ms","timestamp":"2026-03-26T07:19:52.084Z"}
{"level":"info","message":"POST /api/jobs/69ba83d764999c6794d17181/apply/ 400 57 - 80.925 ms","timestamp":"2026-03-26T07:19:52.275Z"}
{"level":"info","message":"POST /api/jobs/69ba83d764999c6794d17181/apply/ 400 57 - 83.989 ms","timestamp":"2026-03-26T07:19:52.470Z"}
{"level":"info","message":"POST /api/jobs/69ba83d764999c6794d17181/apply/ 400 57 - 78.831 ms","timestamp":"2026-03-26T07:19:52.665Z"}
{"level":"info","message":"POST /api/jobs/69ba83d764999c6794d17181/apply/ 400 57 - 70.878 ms","timestamp":"2026-03-26T07:19:52.849Z"}
{"level":"info","message":"POST /api/jobs/69ba83d764999c6794d17181/apply/ 400 57 - 85.126 ms","timestamp":"2026-03-26T07:19:53.055Z"}
{"level":"info","message":"POST /api/jobs/69ba83d764999c6794d17181/apply/ 400 57 - 140.043 ms","timestamp":"2026-03-26T07:19:53.308Z"}
{"level":"info","message":"POST /api/jobs/69ba83d764999c6794d17181/apply/ 400 57 - 90.989 ms","timestamp":"2026-03-26T07:19:53.460Z"}
{"level":"info","message":"POST /api/jobs/69ba83d764999c6794d17181/apply/ 400 57 - 123.078 ms","timestamp":"2026-03-26T07:19:53.674Z"}
{"level":"info","message":"POST /api/jobs/69ba83d764999c6794d17181/apply/ 400 57 - 70.134 ms","timestamp":"2026-03-26T07:19:53.825Z"}
{"level":"info","message":"POST /api/jobs/69ba83d764999c6794d17181/apply/ 400 57 - 69.364 ms","timestamp":"2026-03-26T07:19:53.992Z"}
{"level":"info","message":"POST /api/jobs/69ba83d764999c6794d17181/apply/ 400 57 - 80.116 ms","timestamp":"2026-03-26T07:19:54.226Z"}
{"level":"info","message":"POST /api/jobs/69ba83d764999c6794d17181/apply/ 400 57 - 84.903 ms","timestamp":"2026-03-26T07:19:54.431Z"}
{"level":"info","message":"POST /api/jobs/69ba83d764999c6794d17181/apply/ 400 57 - 76.741 ms","timestamp":"2026-03-26T07:19:54.614Z"}
{"level":"info","message":"POST /api/jobs/69ba83d764999c6794d17181/apply/ 400 57 - 71.342 ms","timestamp":"2026-03-26T07:19:54.810Z"}
{"level":"info","message":"POST /api/jobs/69ba83d764999c6794d17181/apply/ 400 57 - 77.058 ms","timestamp":"2026-03-26T07:19:55.015Z"}
{"level":"info","message":"POST /api/jobs/69ba83d764999c6794d17181/apply/ 400 57 - 80.379 ms","timestamp":"2026-03-26T07:19:55.213Z"}
{"level":"info","message":"POST /api/jobs/69ba83d764999c6794d17181/apply/ 400 57 - 73.975 ms","timestamp":"2026-03-26T07:19:55.412Z"}
{"level":"info","message":"POST /api/jobs/69ba83d764999c6794d17181/apply/ 400 57 - 85.483 ms","timestamp":"2026-03-26T07:19:55.624Z"}
{"level":"info","message":"POST /api/jobs/69ba83d764999c6794d17181/apply/ 400 57 - 79.944 ms","timestamp":"2026-03-26T07:19:55.834Z"}
{"level":"info","message":"POST /api/jobs/69ba83d764999c6794d17181/apply/ 400 57 - 91.989 ms","timestamp":"2026-03-26T07:19:56.062Z"}
{"level":"info","message":"POST /api/jobs/69ba83d764999c6794d17181/apply/ 400 57 - 77.806 ms","timestamp":"2026-03-26T07:19:56.248Z"}
{"level":"info","message":"POST /api/jobs/69ba83d764999c6794d17181/apply/ 400 57 - 69.373 ms","timestamp":"2026-03-26T07:19:56.448Z"}
{"level":"info","message":"POST /api/jobs/69ba83d764999c6794d17181/apply/ 400 57 - 80.748 ms","timestamp":"2026-03-26T07:19:56.667Z"}
{"level":"info","message":"POST /api/jobs/69ba83d764999c6794d17181/apply/ 400 57 - 80.691 ms","timestamp":"2026-03-26T07:19:56.883Z"}
{"level":"info","message":"POST /api/jobs/69ba83d764999c6794d17181/apply/ 429 88 - 0.496 ms","timestamp":"2026-03-26T07:19:56.987Z"}
{"level":"info","message":"POST /api/jobs/69ba83d764999c6794d17181/apply/ 429 88 - 0.332 ms","timestamp":"2026-03-26T07:19:57.187Z"}
{"level":"info","message":"POST /api/jobs/69ba83d764999c6794d17181/apply/ 429 88 - 0.288 ms","timestamp":"2026-03-26T07:19:57.387Z"}
{"level":"info","message":"POST /api/jobs/69ba83d764999c6794d17181/apply/ 429 88 - 0.423 ms","timestamp":"2026-03-26T07:19:57.594Z"}
{"level":"info","message":"POST /api/jobs/69ba826464999c6794d17166/apply/ 429 88 - 0.294 ms","timestamp":"2026-03-26T07:20:02.693Z"}
{"level":"info","message":"POST /api/jobs/69ba826464999c6794d17166/apply/ 429 88 - 0.287 ms","timestamp":"2026-03-26T07:20:02.890Z"}
{"level":"info","message":"POST /api/jobs/69ba826464999c6794d17166/apply/ 429 88 - 0.296 ms","timestamp":"2026-03-26T07:20:03.099Z"}
{"level":"info","message":"POST /api/jobs/69ba826464999c6794d17166/apply/ 429 88 - 0.366 ms","timestamp":"2026-03-26T07:20:03.290Z"}
{"level":"info","message":"POST /api/jobs/69ba826464999c6794d17166/apply/ 429 88 - 0.287 ms","timestamp":"2026-03-26T07:20:03.506Z"}
{"level":"info","message":"GET /api/employer/jobs 304 - - 132.495 ms","timestamp":"2026-03-26T07:20:51.429Z"}
{"level":"info","message":"GET /api/employer/jobs 304 - - 82.398 ms","timestamp":"2026-03-26T07:20:51.516Z"}
{"level":"info","message":"POST /api/jobs/69ba826464999c6794d17166/apply/ 400 57 - 231.059 ms","timestamp":"2026-03-26T07:20:58.203Z"}
{"level":"info","message":"POST /api/jobs/69ba826464999c6794d17166/apply/ 400 57 - 79.980 ms","timestamp":"2026-03-26T07:20:58.514Z"}
{"level":"info","message":"POST /api/jobs/69ba826464999c6794d17166/apply/ 400 57 - 82.956 ms","timestamp":"2026-03-26T07:20:59.038Z"}
{"level":"info","message":"POST /api/jobs/69ba826464999c6794d17166/apply/ 400 57 - 96.152 ms","timestamp":"2026-03-26T07:20:59.538Z"}
{"level":"info","message":"POST /api/jobs/69ba826464999c6794d17166/apply/ 400 57 - 81.717 ms","timestamp":"2026-03-26T07:21:00.036Z"}
{"level":"info","message":"POST /api/jobs/69ba826464999c6794d17166/apply/ 429 72 - 0.530 ms","timestamp":"2026-03-26T07:21:00.450Z"}
{"level":"info","message":"POST /api/jobs/69ba826464999c6794d17166/apply/ 400 57 - 91.104 ms","timestamp":"2026-03-26T07:21:16.046Z"}
{"level":"info","message":"POST /api/jobs/69ba826464999c6794d17166/apply/ 400 57 - 76.204 ms","timestamp":"2026-03-26T07:21:16.592Z"}
{"level":"info","message":"POST /api/jobs/69ba826464999c6794d17166/apply/ 400 57 - 73.119 ms","timestamp":"2026-03-26T07:21:16.780Z"}
{"level":"info","message":"POST /api/jobs/69ba826464999c6794d17166/apply/ 400 57 - 87.760 ms","timestamp":"2026-03-26T07:21:16.978Z"}
{"level":"info","message":"POST /api/jobs/69ba826464999c6794d17166/apply/ 400 57 - 73.975 ms","timestamp":"2026-03-26T07:21:17.149Z"}
{"level":"info","message":"POST /api/jobs/69ba826464999c6794d17166/apply/ 429 71 - 0.584 ms","timestamp":"2026-03-26T07:21:17.243Z"}
{"level":"info","message":"POST /api/jobs/69ba826464999c6794d17166/apply/ 429 71 - 0.416 ms","timestamp":"2026-03-26T07:21:17.443Z"}
{"level":"info","message":"POST /api/jobs/69ba826464999c6794d17166/apply/ 400 57 - 92.660 ms","timestamp":"2026-03-26T07:21:42.750Z"}
{"level":"info","message":"POST /api/jobs/69ba826464999c6794d17166/apply/ 400 57 - 82.183 ms","timestamp":"2026-03-26T07:21:42.917Z"}
{"level":"info","message":"POST /api/jobs/69ba826464999c6794d17166/apply/ 400 57 - 86.764 ms","timestamp":"2026-03-26T07:21:43.105Z"}
{"level":"info","message":"POST /api/jobs/69ba826464999c6794d17166/apply/ 400 57 - 72.281 ms","timestamp":"2026-03-26T07:21:43.284Z"}
{"level":"info","message":"POST /api/jobs/69ba826464999c6794d17166/apply/ 400 57 - 81.083 ms","timestamp":"2026-03-26T07:21:43.477Z"}
{"level":"info","message":"POST /api/jobs/69ba826464999c6794d17166/apply/ 429 64 - 0.430 ms","timestamp":"2026-03-26T07:21:43.580Z"}
{"level":"info","message":"POST /api/jobs/69ba826464999c6794d17166/apply/ 429 64 - 0.305 ms","timestamp":"2026-03-26T07:21:43.763Z"}
{"level":"info","message":"POST /api/jobs/69ba826464999c6794d17166/apply/ 429 64 - 0.451 ms","timestamp":"2026-03-26T07:21:44.900Z"}
{"level":"info","message":"POST /api/jobs/69ba826464999c6794d17166/apply/ 429 64 - 0.456 ms","timestamp":"2026-03-26T07:21:45.107Z"}
{"level":"info","message":"POST /api/jobs/69ba826464999c6794d17166/apply/ 429 64 - 0.515 ms","timestamp":"2026-03-26T07:21:45.308Z"}
{"level":"info","message":"POST /api/jobs/69ba826464999c6794d17166/apply/ 429 64 - 0.518 ms","timestamp":"2026-03-26T07:21:45.507Z"}
{"level":"info","message":"POST /api/jobs/69ba826464999c6794d17166/apply/ 429 64 - 0.392 ms","timestamp":"2026-03-26T07:21:45.683Z"}
{"level":"info","message":"POST /api/jobs/69ba826464999c6794d17166/apply/ 429 64 - 0.339 ms","timestamp":"2026-03-26T07:21:45.891Z"}
{"level":"info","message":"POST /api/jobs/69ba826464999c6794d17166/apply/ 429 64 - 0.302 ms","timestamp":"2026-03-26T07:21:46.123Z"}
{"level":"info","message":"POST /api/jobs/69ba826464999c6794d17166/apply/ 429 64 - 0.420 ms","timestamp":"2026-03-26T07:21:46.612Z"}
{"level":"info","message":"POST /api/jobs/69ba826464999c6794d17166/apply/ 429 64 - 0.303 ms","timestamp":"2026-03-26T07:21:46.845Z"}
{"level":"info","message":"GET /api/employer/jobs 304 - - 108.178 ms","timestamp":"2026-03-26T07:21:54.504Z"}
{"level":"info","message":"GET /api/employer/jobs 304 - - 93.291 ms","timestamp":"2026-03-26T07:21:54.600Z"}
{"level":"info","message":"POST /api/jobs/69ba826464999c6794d17166/apply/ 400 57 - 91.305 ms","timestamp":"2026-03-26T07:24:27.340Z"}
{"level":"info","message":"POST /api/jobs/69ba826464999c6794d17166/apply/ 400 57 - 83.331 ms","timestamp":"2026-03-26T07:24:27.509Z"}
{"level":"info","message":"POST /api/jobs/69ba826464999c6794d17166/apply/ 400 57 - 71.242 ms","timestamp":"2026-03-26T07:24:27.665Z"}
{"level":"info","message":"POST /api/jobs/69ba826464999c6794d17166/apply/ 400 57 - 66.608 ms","timestamp":"2026-03-26T07:24:27.845Z"}
{"level":"info","message":"POST /api/jobs/69ba826464999c6794d17166/apply/ 400 57 - 83.958 ms","timestamp":"2026-03-26T07:24:28.031Z"}
{"level":"info","message":"POST /api/jobs/69ba826464999c6794d17166/apply/ 429 67 - 0.569 ms","timestamp":"2026-03-26T07:24:28.131Z"}
{"level":"info","message":"POST /api/jobs/69ba826464999c6794d17166/apply/ 429 68 - 0.467 ms","timestamp":"2026-03-26T07:24:28.318Z"}
{"level":"info","message":"POST /api/jobs/69ba826464999c6794d17166/apply/ 429 68 - 0.422 ms","timestamp":"2026-03-26T07:24:28.509Z"}
{"level":"info","message":"POST /api/jobs/69ba826464999c6794d17166/apply/ 429 68 - 0.618 ms","timestamp":"2026-03-26T07:24:33.013Z"}
{"level":"info","message":"POST /api/jobs/69ba826464999c6794d17166/apply/ 429 68 - 0.776 ms","timestamp":"2026-03-26T07:24:38.568Z"}
{"level":"info","message":"POST /api/jobs/69ba826464999c6794d17166/apply/ 429 68 - 0.339 ms","timestamp":"2026-03-26T07:24:38.747Z"}
{"level":"info","message":"POST /api/jobs/69ba826464999c6794d17166/apply/ 429 68 - 0.392 ms","timestamp":"2026-03-26T07:24:38.907Z"}
{"level":"info","message":"POST /api/jobs/69ba826464999c6794d17166/apply/ 429 68 - 0.364 ms","timestamp":"2026-03-26T07:24:39.083Z"}
{"level":"info","message":"POST /api/jobs/69ba826464999c6794d17166/apply/ 429 68 - 0.362 ms","timestamp":"2026-03-26T07:24:39.259Z"}
{"level":"info","message":"POST /api/jobs/69ba826464999c6794d17166/apply/ 429 68 - 0.381 ms","timestamp":"2026-03-26T07:24:39.443Z"}
{"level":"info","message":"POST /api/jobs/69ba826464999c6794d17166/apply/ 429 68 - 0.327 ms","timestamp":"2026-03-26T07:24:39.619Z"}
{"level":"info","message":"POST /api/jobs/69ba826464999c6794d17166/apply/ 429 68 - 0.315 ms","timestamp":"2026-03-26T07:24:39.782Z"}
{"level":"info","message":"POST /api/jobs/69ba83d764999c6794d17181/apply/ 429 68 - 0.456 ms","timestamp":"2026-03-26T07:24:41.150Z"}
{"level":"info","message":"POST /api/jobs/69ba83d764999c6794d17181/apply/ 429 68 - 0.312 ms","timestamp":"2026-03-26T07:24:41.331Z"}
{"level":"info","message":"POST /api/jobs/69ba83d764999c6794d17181/apply/ 429 68 - 0.406 ms","timestamp":"2026-03-26T07:24:41.507Z"}
{"level":"info","message":"POST /api/jobs/69ba83d764999c6794d17181/apply/ 429 68 - 0.358 ms","timestamp":"2026-03-26T07:24:41.684Z"}
{"level":"info","message":"POST /api/jobs/69ba83d764999c6794d17181/apply/ 429 68 - 0.434 ms","timestamp":"2026-03-26T07:24:41.844Z"}
{"level":"info","message":"POST /api/jobs/69ba83d764999c6794d17181/apply/ 429 68 - 0.318 ms","timestamp":"2026-03-26T07:24:42.029Z"}
{"level":"info","message":"POST /api/jobs/69ba83d764999c6794d17181/apply/ 429 68 - 0.311 ms","timestamp":"2026-03-26T07:24:42.212Z"}
{"level":"info","message":"POST /api/jobs/69ba83d764999c6794d17181/apply/ 429 68 - 0.314 ms","timestamp":"2026-03-26T07:24:42.388Z"}
{"level":"info","message":"POST /api/jobs/69ba83d764999c6794d17181/apply/ 429 68 - 0.332 ms","timestamp":"2026-03-26T07:24:42.563Z"}
{"level":"info","message":"POST /api/jobs/69ba83d764999c6794d17181/apply/ 429 68 - 0.299 ms","timestamp":"2026-03-26T07:24:42.723Z"}
{"level":"info","message":"POST /api/jobs/69ba83d764999c6794d17181/apply/ 429 68 - 0.322 ms","timestamp":"2026-03-26T07:24:42.906Z"}
{"level":"info","message":"POST /api/jobs/69ba83d764999c6794d17181/apply/ 429 68 - 0.346 ms","timestamp":"2026-03-26T07:24:43.083Z"}
{"level":"info","message":"POST /api/jobs/69ba83d764999c6794d17181/apply/ 429 68 - 0.350 ms","timestamp":"2026-03-26T07:24:43.259Z"}
{"level":"info","message":"POST /api/jobs/69ba826464999c6794d17166/apply/ 400 57 - 95.225 ms","timestamp":"2026-03-26T07:26:19.782Z"}
{"level":"info","message":"POST /api/jobs/69ba826464999c6794d17166/apply/ 400 57 - 75.558 ms","timestamp":"2026-03-26T07:26:20.159Z"}
{"level":"info","message":"POST /api/jobs/69ba826464999c6794d17166/apply/ 400 57 - 88.748 ms","timestamp":"2026-03-26T07:26:20.500Z"}
{"level":"info","message":"POST /api/jobs/69ba826464999c6794d17166/apply/ 400 57 - 70.342 ms","timestamp":"2026-03-26T07:26:20.769Z"}
{"level":"info","message":"POST /api/jobs/69ba826464999c6794d17166/apply/ 400 57 - 87.783 ms","timestamp":"2026-03-26T07:26:21.058Z"}
{"level":"info","message":"POST /api/jobs/69ba826464999c6794d17166/apply/ 429 70 - 0.587 ms","timestamp":"2026-03-26T07:26:21.229Z"}
{"level":"info","message":"POST /api/jobs/69ba826464999c6794d17166/apply/ 429 70 - 0.997 ms","timestamp":"2026-03-26T07:26:25.672Z"}
{"level":"info","message":"POST /api/jobs/69ba826464999c6794d17166/apply/ 400 57 - 93.704 ms","timestamp":"2026-03-26T07:27:17.350Z"}
{"level":"info","message":"POST /api/jobs/69ba826464999c6794d17166/apply/ 400 57 - 74.600 ms","timestamp":"2026-03-26T07:27:17.678Z"}
{"level":"info","message":"POST /api/jobs/69ba826464999c6794d17166/apply/ 400 57 - 73.576 ms","timestamp":"2026-03-26T07:27:17.844Z"}
{"level":"info","message":"POST /api/jobs/69ba826464999c6794d17166/apply/ 400 57 - 81.397 ms","timestamp":"2026-03-26T07:27:18.035Z"}
{"level":"info","message":"POST /api/jobs/69ba826464999c6794d17166/apply/ 400 57 - 68.209 ms","timestamp":"2026-03-26T07:27:18.222Z"}
{"level":"info","message":"POST /api/jobs/69ba826464999c6794d17166/apply/ 429 57 - 0.485 ms","timestamp":"2026-03-26T07:27:18.330Z"}
{"level":"info","message":"POST /api/jobs/69ba826464999c6794d17166/apply/ 429 57 - 0.288 ms","timestamp":"2026-03-26T07:27:18.522Z"}
{"level":"info","message":"POST /api/jobs/69ba826464999c6794d17166/apply/ 429 57 - 0.306 ms","timestamp":"2026-03-26T07:27:18.730Z"}
{"level":"info","message":"POST /api/jobs/69ba826464999c6794d17166/apply/ 429 57 - 0.497 ms","timestamp":"2026-03-26T07:27:21.124Z"}
{"level":"info","message":"GET /api/employer/jobs 304 - - 130.626 ms","timestamp":"2026-03-26T07:28:33.294Z"}
{"level":"info","message":"GET /api/employer/jobs 304 - - 96.247 ms","timestamp":"2026-03-26T07:28:33.396Z"}
{"level":"info","message":"POST /api/jobs/69ba826464999c6794d17166/apply/ 400 57 - 73.763 ms","timestamp":"2026-03-26T07:28:35.560Z"}
{"level":"info","message":"POST /api/jobs/69ba83d764999c6794d17181/apply/ 400 57 - 63.830 ms","timestamp":"2026-03-26T07:28:36.246Z"}
{"level":"info","message":"GET /api/employer/jobs/69ba83d764999c6794d17181 200 752 - 39.997 ms","timestamp":"2026-03-26T07:28:37.059Z"}
{"level":"info","message":"GET /api/employer/jobs/69ba83d764999c6794d17181 304 - - 36.721 ms","timestamp":"2026-03-26T07:28:37.098Z"}
{"level":"info","message":"POST /api/jobs/69ba83d764999c6794d17181/apply/ 400 57 - 64.391 ms","timestamp":"2026-03-26T07:28:39.493Z"}
{"level":"info","message":"POST /api/jobs/69ba83d764999c6794d17181/apply/ 400 57 - 70.193 ms","timestamp":"2026-03-26T07:28:39.707Z"}
{"level":"info","message":"POST /api/jobs/69ba83d764999c6794d17181/apply/ 400 57 - 72.390 ms","timestamp":"2026-03-26T07:28:39.883Z"}
{"level":"info","message":"POST /api/jobs/69ba83d764999c6794d17181/apply/ 400 57 - 68.211 ms","timestamp":"2026-03-26T07:28:40.062Z"}
{"level":"info","message":"POST /api/jobs/69ba83d764999c6794d17181/apply/ 400 57 - 63.990 ms","timestamp":"2026-03-26T07:28:40.234Z"}
{"level":"info","message":"POST /api/jobs/69ba83d764999c6794d17181/apply/ 400 57 - 81.856 ms","timestamp":"2026-03-26T07:28:40.404Z"}
{"level":"info","message":"POST /api/jobs/69ba83d764999c6794d17181/apply/ 400 57 - 76.215 ms","timestamp":"2026-03-26T07:28:40.574Z"}
{"level":"info","message":"POST /api/jobs/69ba83d764999c6794d17181/apply/ 400 57 - 63.908 ms","timestamp":"2026-03-26T07:28:40.738Z"}
{"level":"info","message":"POST /api/jobs/69ba83d764999c6794d17181/apply/ 400 57 - 81.157 ms","timestamp":"2026-03-26T07:28:40.964Z"}
{"level":"info","message":"POST /api/jobs/69ba83d764999c6794d17181/apply/ 400 57 - 75.548 ms","timestamp":"2026-03-26T07:28:41.134Z"}
{"level":"info","message":"POST /api/jobs/69ba83d764999c6794d17181/apply/ 400 57 - 67.085 ms","timestamp":"2026-03-26T07:28:41.326Z"}
{"level":"info","message":"POST /api/jobs/69ba83d764999c6794d17181/apply/ 400 57 - 65.651 ms","timestamp":"2026-03-26T07:28:41.508Z"}
{"level":"info","message":"POST /api/jobs/69ba83d764999c6794d17181/apply/ 400 57 - 92.998 ms","timestamp":"2026-03-26T07:28:41.744Z"}
{"level":"info","message":"POST /api/jobs/69ba83d764999c6794d17181/apply/ 400 57 - 78.907 ms","timestamp":"2026-03-26T07:28:41.906Z"}
{"level":"info","message":"POST /api/jobs/69ba83d764999c6794d17181/apply/ 400 57 - 79.416 ms","timestamp":"2026-03-26T07:28:42.114Z"}
{"level":"info","message":"POST /api/jobs/69ba83d764999c6794d17181/apply/ 400 57 - 84.668 ms","timestamp":"2026-03-26T07:28:42.307Z"}
{"level":"info","message":"POST /api/jobs/69ba83d764999c6794d17181/apply/ 400 57 - 113.318 ms","timestamp":"2026-03-26T07:28:42.531Z"}
{"level":"info","message":"POST /api/jobs/69ba83d764999c6794d17181/apply/ 400 57 - 77.174 ms","timestamp":"2026-03-26T07:28:42.680Z"}
{"level":"info","message":"POST /api/jobs/69ba83d764999c6794d17181/apply/ 400 57 - 74.078 ms","timestamp":"2026-03-26T07:28:42.860Z"}
{"level":"info","message":"POST /api/jobs/69ba83d764999c6794d17181/apply/ 400 57 - 71.433 ms","timestamp":"2026-03-26T07:28:43.057Z"}
{"level":"info","message":"POST /api/jobs/69ba83d764999c6794d17181/apply/ 400 57 - 71.349 ms","timestamp":"2026-03-26T07:28:43.233Z"}
{"level":"info","message":"POST /api/jobs/69ba83d764999c6794d17181/apply/ 400 57 - 65.951 ms","timestamp":"2026-03-26T07:28:43.388Z"}
{"level":"info","message":"POST /api/jobs/69ba83d764999c6794d17181/apply/ 400 57 - 74.580 ms","timestamp":"2026-03-26T07:28:43.751Z"}
{"level":"info","message":"POST /api/jobs/69ba83d764999c6794d17181/apply/ 400 57 - 67.730 ms","timestamp":"2026-03-26T07:28:43.966Z"}
{"level":"info","message":"POST /api/jobs/69ba83d764999c6794d17181/apply/ 400 57 - 81.535 ms","timestamp":"2026-03-26T07:28:44.149Z"}
{"level":"info","message":"POST /api/jobs/69ba83d764999c6794d17181/apply/ 400 57 - 80.908 ms","timestamp":"2026-03-26T07:28:44.357Z"}
{"level":"info","message":"POST /api/jobs/69ba83d764999c6794d17181/apply/ 400 57 - 72.859 ms","timestamp":"2026-03-26T07:28:44.506Z"}
{"level":"info","message":"POST /api/jobs/69ba83d764999c6794d17181/apply/ 400 57 - 64.977 ms","timestamp":"2026-03-26T07:28:44.683Z"}
{"level":"info","message":"POST /api/jobs/69ba83d764999c6794d17181/apply/ 400 57 - 64.581 ms","timestamp":"2026-03-26T07:28:44.883Z"}
{"level":"info","message":"POST /api/jobs/69ba83d764999c6794d17181/apply/ 400 57 - 77.983 ms","timestamp":"2026-03-26T07:28:45.072Z"}
{"level":"info","message":"POST /api/jobs/69ba83d764999c6794d17181/apply/ 400 57 - 92.021 ms","timestamp":"2026-03-26T07:28:45.278Z"}
{"level":"info","message":"POST /api/jobs/69ba83d764999c6794d17181/apply/ 400 57 - 75.690 ms","timestamp":"2026-03-26T07:28:45.481Z"}
{"level":"info","message":"POST /api/jobs/69ba83d764999c6794d17181/apply/ 400 57 - 62.356 ms","timestamp":"2026-03-26T07:28:45.632Z"}
{"level":"info","message":"POST /api/jobs/69ba83d764999c6794d17181/apply/ 400 57 - 83.635 ms","timestamp":"2026-03-26T07:28:45.870Z"}
{"level":"info","message":"POST /api/jobs/69ba83d764999c6794d17181/apply/ 400 57 - 76.000 ms","timestamp":"2026-03-26T07:28:46.054Z"}
{"level":"info","message":"POST /api/jobs/69ba83d764999c6794d17181/apply/ 400 57 - 73.168 ms","timestamp":"2026-03-26T07:28:46.252Z"}
{"level":"info","message":"POST /api/jobs/69ba83d764999c6794d17181/apply/ 400 57 - 152.787 ms","timestamp":"2026-03-26T07:28:46.508Z"}
{"level":"info","message":"POST /api/jobs/69ba83d764999c6794d17181/apply/ 400 57 - 63.339 ms","timestamp":"2026-03-26T07:28:46.633Z"}
{"level":"info","message":"POST /api/jobs/69ba83d764999c6794d17181/apply/ 400 57 - 76.822 ms","timestamp":"2026-03-26T07:28:46.831Z"}
{"level":"info","message":"POST /api/jobs/69ba83d764999c6794d17181/apply/ 400 57 - 79.612 ms","timestamp":"2026-03-26T07:28:47.018Z"}
{"level":"info","message":"POST /api/jobs/69ba83d764999c6794d17181/apply/ 400 57 - 82.472 ms","timestamp":"2026-03-26T07:28:47.206Z"}
{"level":"info","message":"POST /api/jobs/69ba83d764999c6794d17181/apply/ 400 57 - 139.881 ms","timestamp":"2026-03-26T07:28:47.431Z"}
{"level":"info","message":"POST /api/jobs/69ba83d764999c6794d17181/apply/ 400 57 - 71.605 ms","timestamp":"2026-03-26T07:28:47.579Z"}
{"level":"info","message":"POST /api/jobs/69ba83d764999c6794d17181/apply/ 400 57 - 73.530 ms","timestamp":"2026-03-26T07:28:47.772Z"}
{"level":"info","message":"POST /api/jobs/69ba83d764999c6794d17181/apply/ 400 57 - 83.848 ms","timestamp":"2026-03-26T07:28:47.958Z"}
{"level":"info","message":"POST /api/jobs/69ba83d764999c6794d17181/apply/ 400 57 - 65.108 ms","timestamp":"2026-03-26T07:28:48.165Z"}
{"level":"info","message":"POST /api/jobs/69ba83d764999c6794d17181/apply/ 400 57 - 95.090 ms","timestamp":"2026-03-26T07:28:48.389Z"}
{"level":"info","message":"POST /api/jobs/69ba83d764999c6794d17181/apply/ 400 57 - 79.297 ms","timestamp":"2026-03-26T07:28:48.563Z"}
{"level":"info","message":"POST /api/jobs/69ba83d764999c6794d17181/apply/ 429 57 - 0.518 ms","timestamp":"2026-03-26T07:28:48.691Z"}
{"level":"info","message":"POST /api/jobs/69ba83d764999c6794d17181/apply/ 429 57 - 0.316 ms","timestamp":"2026-03-26T07:28:48.883Z"}
{"level":"info","message":"POST /api/jobs/69ba83d764999c6794d17181/apply/ 429 57 - 0.325 ms","timestamp":"2026-03-26T07:28:49.091Z"}
{"level":"info","message":"POST /api/jobs/69ba83d764999c6794d17181/apply/ 429 57 - 0.335 ms","timestamp":"2026-03-26T07:28:49.291Z"}
{"level":"info","message":"POST /api/jobs/69ba83d764999c6794d17181/apply/ 429 57 - 0.352 ms","timestamp":"2026-03-26T07:28:49.466Z"}
{"level":"info","message":"POST /api/jobs/69ba83d764999c6794d17181/apply/ 429 57 - 0.342 ms","timestamp":"2026-03-26T07:28:49.675Z"}
{"level":"info","message":"POST /api/jobs/69ba83d764999c6794d17181/apply/ 429 57 - 0.314 ms","timestamp":"2026-03-26T07:28:49.866Z"}
{"level":"info","message":"POST /api/jobs/69ba83d764999c6794d17181/apply/ 429 57 - 0.299 ms","timestamp":"2026-03-26T07:28:50.067Z"}
{"level":"info","message":"POST /api/jobs/69ba83d764999c6794d17181/apply/ 429 57 - 0.329 ms","timestamp":"2026-03-26T07:28:50.299Z"}
{"level":"info","message":"GET /api/employer/jobs 304 - - 83.448 ms","timestamp":"2026-03-26T07:28:52.295Z"}
{"level":"info","message":"GET /api/employer/jobs 304 - - 65.584 ms","timestamp":"2026-03-26T07:28:52.362Z"}
{"level":"info","message":"POST /api/jobs/69ba97b0a20f70ebc7ae61fb/apply/ 429 57 - 0.314 ms","timestamp":"2026-03-26T07:28:53.869Z"}
{"level":"info","message":"POST /api/savedjobs/69ba97b0a20f70ebc7ae61fb/save 429 57 - 0.575 ms","timestamp":"2026-03-26T07:28:55.325Z"}
{"level":"info","message":"POST /api/savedjobs/69ba8bd457ad8c2bafdcb1f0/save 429 57 - 0.333 ms","timestamp":"2026-03-26T07:28:56.853Z"}
{"level":"info","message":"POST /api/jobs/69ba847864999c6794d17191/apply/ 429 57 - 0.378 ms","timestamp":"2026-03-26T07:28:58.126Z"}
{"level":"info","message":"POST /api/jobs/69ba847864999c6794d17191/apply/ 400 57 - 102.165 ms","timestamp":"2026-03-26T07:29:07.704Z"}
{"level":"info","message":"GET /api/employer/jobs 304 - - 107.683 ms","timestamp":"2026-03-26T07:29:09.864Z"}
{"level":"info","message":"GET /api/employer/jobs 304 - - 85.085 ms","timestamp":"2026-03-26T07:29:09.955Z"}
{"level":"info","message":"GET /api/employer/jobs 304 - - 64.965 ms","timestamp":"2026-03-26T07:30:37.659Z"}
{"level":"info","message":"GET /api/employer/jobs 304 - - 83.382 ms","timestamp":"2026-03-26T07:30:37.744Z"}
{"level":"info","message":"GET /api/employer/jobs 304 - - 70.513 ms","timestamp":"2026-03-26T07:37:22.832Z"}
{"level":"info","message":"GET /api/employer/jobs 304 - - 70.357 ms","timestamp":"2026-03-26T07:37:22.904Z"}
{"level":"info","message":"GET /api/employer/jobs 304 - - 79.287 ms","timestamp":"2026-03-26T07:37:24.120Z"}
{"level":"info","message":"GET /api/employer/jobs 304 - - 71.917 ms","timestamp":"2026-03-26T07:37:24.193Z"}
